This file contains any messages produced by compilers while
running configure, to aid debugging if configure makes a mistake.

It was created by OhWordC configure 1.0, which was
generated by GNU Autoconf 2.68.  Invocation command line was

  $ /D/workspace_cpp/OhWordC/configure 

## --------- ##
## Platform. ##
## --------- ##

hostname = poota
uname -m = i686
uname -r = 1.0.17(0.48/3/2)
uname -s = MINGW32_NT-6.1
uname -v = 2011-04-24 23:39

/usr/bin/uname -p = unknown
/bin/uname -X     = unknown

/bin/arch              = unknown
/usr/bin/arch -k       = unknown
/usr/convex/getsysinfo = unknown
/usr/bin/hostinfo      = unknown
/bin/machine           = unknown
/usr/bin/oslevel       = unknown
/bin/universe          = unknown

PATH: /c/Windows/system32
PATH: /c/Windows
PATH: /c/Windows/System32/Wbem
PATH: /c/Windows/System32/WindowsPowerShell/v1.0/
PATH: /c/Program Files (x86)/QuickTime/QTSystem/
PATH: /c/Program Files (x86)/IDM Computer Solutions/UltraEdit/
PATH: /mingw/bin
PATH: /usr/bin


## ----------- ##
## Core tests. ##
## ----------- ##

configure:1808: checking build system type
configure:1822: result: i686-pc-mingw32
configure:1842: checking host system type
configure:1855: result: i686-pc-mingw32
configure:1875: checking target system type
configure:1888: result: i686-pc-mingw32
configure:1931: checking for a BSD-compatible install
configure:1999: result: /usr/bin/install -c
configure:2010: checking whether build environment is sane
configure:2060: result: yes
configure:2201: checking for a thread-safe mkdir -p
configure:2240: result: /usr/bin/mkdir -p
configure:2253: checking for gawk
configure:2269: found /usr/bin/gawk
configure:2280: result: gawk
configure:2291: checking whether make sets $(MAKE)
configure:2313: result: yes
configure:2452: checking for g++
configure:2468: found /mingw/bin/g++
configure:2479: result: g++
configure:2506: checking for C++ compiler version
configure:2515: g++ --version >&5
g++.exe (GCC) 4.6.2
Copyright (C) 2011 Free Software Foundation, Inc.
This is free software; see the source for copying conditions.  There is NO
warranty; not even for MERCHANTABILITY or FITNESS FOR A PARTICULAR PURPOSE.

configure:2526: $? = 0
configure:2515: g++ -v >&5
Using built-in specs.
COLLECT_GCC=C:\MinGW\bin\g++.exe
COLLECT_LTO_WRAPPER=c:/mingw/bin/../libexec/gcc/mingw32/4.6.2/lto-wrapper.exe
Target: mingw32
Configured with: ../gcc-4.6.2/configure --enable-languages=c,c++,ada,fortran,objc,obj-c++ --disable-sjlj-exceptions --with-dwarf2 --enable-shared --enable-libgomp --disable-win32-registry --enable-libstdcxx-debug --enable-version-specific-runtime-libs --build=mingw32 --prefix=/mingw
Thread model: win32
gcc version 4.6.2 (GCC) 
configure:2526: $? = 0
configure:2515: g++ -V >&5
g++.exe: error: unrecognized option '-V'
g++.exe: fatal error: no input files
compilation terminated.
configure:2526: $? = 1
configure:2515: g++ -qversion >&5
g++.exe: error: unrecognized option '-qversion'
g++.exe: fatal error: no input files
compilation terminated.
configure:2526: $? = 1
configure:2546: checking whether the C++ compiler works
configure:2568: g++    conftest.cpp  >&5
configure:2572: $? = 0
configure:2620: result: yes
configure:2623: checking for C++ compiler default output file name
configure:2625: result: a.exe
configure:2631: checking for suffix of executables
configure:2638: g++ -o conftest.exe    conftest.cpp  >&5
configure:2642: $? = 0
configure:2664: result: .exe
configure:2686: checking whether we are cross compiling
configure:2694: g++ -o conftest.exe    conftest.cpp  >&5
configure:2698: $? = 0
configure:2705: ./conftest.exe
configure:2709: $? = 0
configure:2724: result: no
configure:2729: checking for suffix of object files
configure:2751: g++ -c   conftest.cpp >&5
configure:2755: $? = 0
configure:2776: result: o
configure:2780: checking whether we are using the GNU C++ compiler
configure:2799: g++ -c   conftest.cpp >&5
configure:2799: $? = 0
configure:2808: result: yes
configure:2817: checking whether g++ accepts -g
configure:2837: g++ -c -g  conftest.cpp >&5
configure:2837: $? = 0
configure:2878: result: yes
configure:2912: checking for style of include used by make
configure:2940: result: GNU
configure:2965: checking dependency style of g++
configure:3075: result: gcc3
configure:3259: creating ./config.status

## ---------------------- ##
## Running config.status. ##
## ---------------------- ##

This file was extended by OhWordC config.status 1.0, which was
generated by GNU Autoconf 2.68.  Invocation command line was

  CONFIG_FILES    = 
  CONFIG_HEADERS  = 
  CONFIG_LINKS    = 
  CONFIG_COMMANDS = 
  $ ./config.status 

on poota

config.status:792: creating Makefile
config.status:792: creating src/Makefile
config.status:949: executing depfiles commands

## ---------------- ##
## Cache variables. ##
## ---------------- ##

ac_cv_build=i686-pc-mingw32
ac_cv_cxx_compiler_gnu=yes
ac_cv_env_build_alias_set=
ac_cv_env_build_alias_value=
ac_cv_env_CCC_set=
ac_cv_env_CCC_value=
ac_cv_env_CPPFLAGS_set=
ac_cv_env_CPPFLAGS_value=
ac_cv_env_CXX_set=
ac_cv_env_CXX_value=
ac_cv_env_CXXFLAGS_set=
ac_cv_env_CXXFLAGS_value=
ac_cv_env_host_alias_set=
ac_cv_env_host_alias_value=
ac_cv_env_LDFLAGS_set=
ac_cv_env_LDFLAGS_value=
ac_cv_env_LIBS_set=
ac_cv_env_LIBS_value=
ac_cv_env_target_alias_set=
ac_cv_env_target_alias_value=
ac_cv_exeext=.exe
ac_cv_host=i686-pc-mingw32
ac_cv_objext=o
ac_cv_path_install='/usr/bin/install -c'
ac_cv_path_mkdir=/usr/bin/mkdir
ac_cv_prog_ac_ct_CXX=g++
ac_cv_prog_AWK=gawk
ac_cv_prog_cxx_g=yes
ac_cv_prog_make_make_set=yes
ac_cv_target=i686-pc-mingw32
am_cv_CXX_dependencies_compiler_type=gcc3

## ----------------- ##
## Output variables. ##
## ----------------- ##

ac_ct_CXX='g++'
ACLOCAL='${SHELL} /D/workspace_cpp/OhWordC/missing --run aclocal-1.11'
am__EXEEXT_FALSE='#'
am__EXEEXT_TRUE=''
am__fastdepCXX_FALSE='#'
am__fastdepCXX_TRUE=''
am__include='include'
am__isrc=' -I$(srcdir)'
am__leading_dot='.'
am__quote=''
am__tar='${AMTAR} chof - "$$tardir"'
am__untar='${AMTAR} xf -'
AMDEP_FALSE='#'
AMDEP_TRUE=''
AMDEPBACKSLASH='\'
AMTAR='${SHELL} /D/workspace_cpp/OhWordC/missing --run tar'
AUTOCONF='${SHELL} /D/workspace_cpp/OhWordC/missing --run autoconf'
AUTOHEADER='${SHELL} /D/workspace_cpp/OhWordC/missing --run autoheader'
AUTOMAKE='${SHELL} /D/workspace_cpp/OhWordC/missing --run automake-1.11'
AWK='gawk'
bindir='${exec_prefix}/bin'
build_alias=''
build_cpu='i686'
build_os='mingw32'
build_vendor='pc'
build='i686-pc-mingw32'
CPPFLAGS=''
CXX='g++'
CXXDEPMODE='depmode=gcc3'
CXXFLAGS='-g -O2'
CYGPATH_W='echo'
datadir='${datarootdir}'
datarootdir='${prefix}/share'
DEFS='-DPACKAGE_NAME=\"OhWordC\" -DPACKAGE_TARNAME=\"ohwordc\" -DPACKAGE_VERSION=\"1.0\" -DPACKAGE_STRING=\"OhWordC\ 1.0\" -DPACKAGE_BUGREPORT=\"\" -DPACKAGE_URL=\"\" -DPACKAGE=\"ohwordc\" -DVERSION=\"1.0\"'
DEPDIR='.deps'
docdir='${datarootdir}/doc/${PACKAGE_TARNAME}'
dvidir='${docdir}'
ECHO_C=''
ECHO_N='-n'
ECHO_T=''
exec_prefix='${prefix}'
EXEEXT='.exe'
host_alias=''
host_cpu='i686'
host_os='mingw32'
host_vendor='pc'
host='i686-pc-mingw32'
htmldir='${docdir}'
includedir='${prefix}/include'
infodir='${datarootdir}/info'
INSTALL_DATA='${INSTALL} -m 644'
INSTALL_PROGRAM='${INSTALL}'
INSTALL_SCRIPT='${INSTALL}'
install_sh='${SHELL} /D/workspace_cpp/OhWordC/install-sh'
INSTALL_STRIP_PROGRAM='$(install_sh) -c -s'
LDFLAGS=''
libdir='${exec_prefix}/lib'
libexecdir='${exec_prefix}/libexec'
LIBOBJS=''
LIBS=''
localedir='${datarootdir}/locale'
localstatedir='${prefix}/var'
LTLIBOBJS=''
MAKEINFO='${SHELL} /D/workspace_cpp/OhWordC/missing --run makeinfo'
mandir='${datarootdir}/man'
MKDIR_P='/usr/bin/mkdir -p'
mkdir_p='/usr/bin/mkdir -p'
OBJEXT='o'
oldincludedir='/usr/include'
PACKAGE_BUGREPORT=''
PACKAGE_NAME='OhWordC'
PACKAGE_STRING='OhWordC 1.0'
PACKAGE_TARNAME='ohwordc'
PACKAGE_URL=''
PACKAGE_VERSION='1.0'
PACKAGE='ohwordc'
PATH_SEPARATOR=':'
pdfdir='${docdir}'
prefix='/usr/local'
program_transform_name='s,x,x,'
psdir='${docdir}'
sbindir='${exec_prefix}/sbin'
SET_MAKE=''
sharedstatedir='${prefix}/com'
SHELL='/bin/sh'
STRIP=''
sysconfdir='${prefix}/etc'
target_alias=''
target_cpu='i686'
target_os='mingw32'
target_vendor='pc'
target='i686-pc-mingw32'
VERSION='1.0'

## ----------- ##
## confdefs.h. ##
## ----------- ##

/* confdefs.h */
#define PACKAGE_NAME "OhWordC"
#define PACKAGE_TARNAME "ohwordc"
#define PACKAGE_VERSION "1.0"
#define PACKAGE_STRING "OhWordC 1.0"
#define PACKAGE_BUGREPORT ""
#define PACKAGE_URL ""
#define PACKAGE "ohwordc"
#define VERSION "1.0"

configure: exit 0
